<?xml version="1.0" encoding="UTF-8"?>
<!-- Generated by org.testng.reporters.JUnitReportReporter -->
<testsuite hostname="LAPTOP-7ITKF1PV" failures="0" tests="3" name="org.SDET38_VIAJE_PRACTICE.class1" time="0.003" errors="0" timestamp="2022-08-17T15:02:27 IST" skipped="0">
  <testcase classname="org.SDET38_VIAJE_PRACTICE.class1" name="write1" time="0.001"/>
  <system-out/>
  <testcase classname="org.SDET38_VIAJE_PRACTICE.class1" name="write6" time="0.001"/>
  <system-out/>
  <testcase classname="org.SDET38_VIAJE_PRACTICE.class1" name="write5" time="0.001"/>
  <system-out/>
</testsuite> <!-- org.SDET38_VIAJE_PRACTICE.class1 -->
