<?xml version="1.0" encoding="UTF-8"?>
<!-- Generated by org.testng.reporters.JUnitReportReporter -->
<testsuite hostname="LAPTOP-7ITKF1PV" failures="0" tests="1" name="org.SDET38_VIAJE_PRACTICE.class3" time="0.006" errors="0" timestamp="2022-08-17T14:49:54 IST" skipped="0">
  <testcase classname="org.SDET38_VIAJE_PRACTICE.class3" name="write" time="0.006"/>
  <system-out/>
</testsuite> <!-- org.SDET38_VIAJE_PRACTICE.class3 -->
