<?xml version="1.0" encoding="UTF-8"?>
<!-- Generated by org.testng.reporters.JUnitReportReporter -->
<testsuite hostname="LAPTOP-7ITKF1PV" failures="0" tests="3" name="org.SDET38_VIAJE_PRACTICE.Customer" time="0.011" errors="0" timestamp="2022-08-15T17:16:51 IST" skipped="0">
  <testcase classname="org.SDET38_VIAJE_PRACTICE.Customer" name="createCustomerTest" time="0.010"/>
  <system-out/>
  <testcase classname="org.SDET38_VIAJE_PRACTICE.Customer" name="deleteCustomerTest" time="0.001"/>
  <system-out/>
  <testcase classname="org.SDET38_VIAJE_PRACTICE.Customer" name="modifyCustomerTest" time="0.000"/>
  <system-out/>
</testsuite> <!-- org.SDET38_VIAJE_PRACTICE.Customer -->
