<?xml version="1.0" encoding="UTF-8"?>
<!-- Generated by org.testng.reporters.JUnitReportReporter -->
<testsuite hostname="LAPTOP-7ITKF1PV" failures="0" tests="3" name="org.SDET38_VIAJE_PRACTICE.Customer1" time="0.008" errors="0" timestamp="2022-08-15T17:25:27 IST" skipped="0">
  <testcase classname="org.SDET38_VIAJE_PRACTICE.Customer1" name="createCustomer" time="0.006"/>
  <system-out/>
  <testcase classname="org.SDET38_VIAJE_PRACTICE.Customer1" name="modifyCustomer" time="0.001"/>
  <system-out/>
  <testcase classname="org.SDET38_VIAJE_PRACTICE.Customer1" name="deleteCustomer" time="0.001"/>
  <system-out/>
</testsuite> <!-- org.SDET38_VIAJE_PRACTICE.Customer1 -->
