<?xml version="1.0" encoding="UTF-8"?>
<!-- Generated by org.testng.reporters.JUnitReportReporter -->
<testsuite hostname="LAPTOP-7ITKF1PV" failures="0" tests="6" name="org.SDET38_VIAJE_PRACTICE.Customer3" time="0.009" errors="0" timestamp="2022-08-15T17:48:39 IST" skipped="0">
  <testcase classname="org.SDET38_VIAJE_PRACTICE.Customer3" name="deleteCustomerTest" time="0.000"/>
  <system-out/>
  <testcase classname="org.SDET38_VIAJE_PRACTICE.Customer3" name="createCustomerTest" time="0.001"/>
  <system-out/>
  <testcase classname="org.SDET38_VIAJE_PRACTICE.Customer3" name="modifyCustomerTest" time="0.000"/>
  <system-out/>
  <testcase classname="org.SDET38_VIAJE_PRACTICE.Customer3" name="createCustomerTest" time="0.006"/>
  <system-out/>
  <testcase classname="org.SDET38_VIAJE_PRACTICE.Customer3" name="createCustomerTest" time="0.001"/>
  <system-out/>
  <testcase classname="org.SDET38_VIAJE_PRACTICE.Customer3" name="createCustomerTest" time="0.001"/>
  <system-out/>
</testsuite> <!-- org.SDET38_VIAJE_PRACTICE.Customer3 -->
