<?xml version="1.0" encoding="UTF-8"?>
<!-- Generated by org.testng.reporters.JUnitReportReporter -->
<testsuite hostname="LAPTOP-7ITKF1PV" failures="0" tests="1" name="com.SDET38_1.CreatePackageAdmin2" time="3.390" errors="0" timestamp="2022-08-16T16:24:01 IST" skipped="0">
  <testcase classname="com.SDET38_1.CreatePackageAdmin2" name="createPackageTest" time="3.390"/>
  <system-out/>
</testsuite> <!-- com.SDET38_1.CreatePackageAdmin2 -->
