<?xml version="1.0" encoding="UTF-8"?>
<!-- Generated by org.testng.reporters.JUnitReportReporter -->
<testsuite hostname="LAPTOP-7ITKF1PV" failures="0" tests="1" name="com.SDET38_1.writeUsTest" time="3.335" errors="0" timestamp="2022-08-17T12:45:54 IST" skipped="0">
  <testcase classname="com.SDET38_1.writeUsTest" name="issueTest" time="3.335"/>
  <system-out/>
</testsuite> <!-- com.SDET38_1.writeUsTest -->
