<?xml version="1.0" encoding="UTF-8"?>
<!-- Generated by org.testng.reporters.JUnitReportReporter -->
<testsuite hostname="LAPTOP-7ITKF1PV" failures="0" tests="1" name="com.SDET38.VIEJE.TESTNG.updatePage1Test" time="12.998" errors="0" timestamp="2022-08-18T14:28:28 IST" skipped="0">
  <testcase classname="com.SDET38.VIEJE.TESTNG.updatePage1Test" name="privacyPageTest" time="12.998"/>
  <system-out/>
</testsuite> <!-- com.SDET38.VIEJE.TESTNG.updatePage1Test -->
