<?xml version="1.0" encoding="UTF-8"?>
<!-- Generated by org.testng.reporters.JUnitReportReporter -->
<testsuite hostname="LAPTOP-7ITKF1PV" failures="0" tests="1" name="com.SDET38_1.tourpackage_ManageVerificationTest" time="2.831" errors="0" timestamp="2022-08-16T17:34:43 IST" skipped="0">
  <testcase classname="com.SDET38_1.tourpackage_ManageVerificationTest" name="tourPackageTest" time="2.831"/>
  <system-out/>
</testsuite> <!-- com.SDET38_1.tourpackage_ManageVerificationTest -->
